#
# A fatal error has been detected by the Java Runtime Environment:
#
#  EXCEPTION_ACCESS_VIOLATION (0xc0000005) at pc=0x00007ffd80746a17, pid=2544, tid=2676
#
# JRE version: OpenJDK Runtime Environment Corretto-21.0.8.9.1 (21.0.8+9) (build 21.0.8+9-LTS)
# Java VM: OpenJDK 64-Bit Server VM Corretto-21.0.8.9.1 (21.0.8+9-LTS, mixed mode, sharing, tiered, compressed oops, compressed class ptrs, g1 gc, windows-amd64)
# Problematic frame:
# C  [glass.dll+0x26a17]
#
# No core dump will be written. Minidumps are not enabled by default on client versions of Windows
#
# If you would like to submit a bug report, please visit:
#   https://github.com/corretto/corretto-21/issues/
#

---------------  S U M M A R Y ------------

Command Line: -agentlib:jdwp=transport=dt_socket,address=127.0.0.1:50130,suspend=y,server=n -javaagent:C:\Users\Bailey\AppData\Local\JetBrains\IdeaIC2025.1\captureAgent\debugger-agent.jar=file:///C:/Users/Bailey/AppData/Local/Temp/capture2384313719689917702.props -Dkotlinx.coroutines.debug.enable.creation.stack.trace=false -Ddebugger.agent.enable.coroutines=true -Dkotlinx.coroutines.debug.enable.flows.stack.trace=true -Dkotlinx.coroutines.debug.enable.mutable.state.flows.stack.trace=true -Dfile.encoding=UTF-8 -Dsun.stdout.encoding=UTF-8 -Dsun.stderr.encoding=UTF-8 --module-path=C:\Users\Bailey\.m2\repository\eu\hansolo\fx\heatmap\21.0.5\heatmap-21.0.5.jar;C:\Users\Bailey\.m2\repository\org\kordamp\bootstrapfx\bootstrapfx-core\0.4.0\bootstrapfx-core-0.4.0.jar;C:\Users\Bailey\.m2\repository\eu\hansolo\toolbox\21.0.9\toolbox-21.0.9.jar;C:\Users\Bailey\.m2\repository\org\kordamp\ikonli\ikonli-core\12.3.1\ikonli-core-12.3.1.jar;C:\Users\Bailey\.m2\repository\eu\hansolo\fx\countries\21.0.17\countries-21.0.17.jar;C:\Users\Bailey\.m2\repository\net\synedra\validatorfx\0.6.1\validatorfx-0.6.1.jar;C:\Users\Bailey\.m2\repository\org\openjfx\javafx-base\21.0.6\javafx-base-21.0.6-win.jar;C:\Users\Bailey\.m2\repository\org\openjfx\javafx-controls\21.0.6\javafx-controls-21.0.6-win.jar;C:\Users\Bailey\.m2\repository\org\openjfx\javafx-fxml\21.0.6\javafx-fxml-21.0.6-win.jar;C:\Users\Bailey\.m2\repository\org\controlsfx\controlsfx\11.2.1\controlsfx-11.2.1.jar;C:\Users\Bailey\.m2\repository\org\openjfx\javafx-media\21.0.6\javafx-media-21.0.6-win.jar;C:\Users\Bailey\.m2\repository\org\openjfx\javafx-swing\21.0.6\javafx-swing-21.0.6-win.jar;C:\Users\Bailey\Documents\Code\CAB302_PeerPracticeManager\PeerPractice\target\classes;C:\Users\Bailey\.m2\repository\org\openjfx\javafx-graphics\21.0.6\javafx-graphics-21.0.6-win.jar;C:\Users\Bailey\.m2\repository\eu\hansolo\tilesfx\21.0.9\tilesfx-21.0.9.jar;C:\Users\Bailey\.m2\repository\eu\hansolo\toolboxfx\21.0.5\toolboxfx-21.0.5.jar;C:\Users\Bailey\.m2\repository\com\dlsc\formsfx\formsfx-core\11.6.0\formsfx-core-11.6.0.jar;C:\Users\Bailey\.m2\repository\org\kordamp\ikonli\ikonli-javafx\12.3.1\ikonli-javafx-12.3.1.jar;C:\Users\Bailey\.m2\repository\org\openjfx\javafx-web\21.0.6\javafx-web-21.0.6-win.jar -Djdk.module.main=com.cab302.peerpractice com.cab302.peerpractice/com.cab302.peerpractice.Launcher

Host: AMD Athlon 300U with Radeon Vega Mobile Gfx    , 4 cores, 5G,  Windows 10 , 64 bit Build 19041 (10.0.19041.5915)
Time: Sun Aug 31 22:06:59 2025 E. Australia Standard Time elapsed time: 41.475855 seconds (0d 0h 0m 41s)

---------------  T H R E A D  ---------------

Current thread (0x0000028bca97f260):  VMThread "VM Thread"          [id=2676, stack(0x000000febf800000,0x000000febf900000) (1024K)]

Stack: [0x000000febf800000,0x000000febf900000],  sp=0x000000febf8ff160,  free space=1020k
Native frames: (J=compiled Java code, j=interpreted, Vv=VM code, C=native code)
C  [glass.dll+0x26a17]


siginfo: EXCEPTION_ACCESS_VIOLATION (0xc0000005), reading address 0x0000000000000000


Registers:
RAX=0x0000000000000000, RBX=0x0000028bca985c82, RCX=0x0000028bca97f260, RDX=0x000000febf8ff160
RSP=0x000000febf8ff160, RBP=0x0000028c114045c8, RSI=0x0000028c114045a0, RDI=0x00000358aeef0802
R8 =0x0000000000010002, R9 =0x00000358aeef0802, R10=0x0000000000008000, R11=0x000000febf8ff0f0
R12=0x00007ffd80744360, R13=0x00007ffd531fd4d0, R14=0x000000febf8ff258, R15=0x0000028c114045a0
RIP=0x00007ffd80746a17, EFLAGS=0x0000000000010202

XMM[0]=0x0000000000000000 0x0000000000000000
XMM[1]=0x0000000000000000 0x0000000000000000
XMM[2]=0x0000000000000000 0x0000000000000000
XMM[3]=0x0000000000000000 0x0000000000000000
XMM[4]=0x0000000000000000 0x0000000000000000
XMM[5]=0x0000000000000000 0x0000000000000000
XMM[6]=0x0000000000000000 0x0000000000000000
XMM[7]=0x0000000000000000 0x404e000000000000
XMM[8]=0x0000000000000000 0x0000000000000000
XMM[9]=0x0000000000000000 0x0000000000000000
XMM[10]=0x0000000000000000 0x0000000000000000
XMM[11]=0x0000000000000000 0x0000000000000000
XMM[12]=0x0000000000000000 0x0000000000000000
XMM[13]=0x0000000000000000 0x0000000000000000
XMM[14]=0x0000000000000000 0x0000000000000000
XMM[15]=0x0000000000000000 0x0000000000000000
  MXCSR=0x00001fa0


Register to memory mapping:

RAX=0x0 is null
RBX=0x0000028bca985c82 is a global jni handle
RCX=0x0000028bca97f260 points into unknown readable memory: 0x00007ffd52ffb750 | 50 b7 ff 52 fd 7f 00 00
RDX=0x000000febf8ff160 points into unknown readable memory: 0x0000000000000000 | 00 00 00 00 00 00 00 00
RSP=0x000000febf8ff160 points into unknown readable memory: 0x0000000000000000 | 00 00 00 00 00 00 00 00
RBP=0x0000028c114045c8 points into unknown readable memory: 0x00000358aeef0802 | 02 08 ef ae 58 03 00 00
RSI=0x0000028c114045a0 points into unknown readable memory: 0x0001fcaeaf3ff1e2 | e2 f1 3f af ae fc 01 00
RDI=0x00000358aeef0802 is an unknown value
R8 =0x0000000000010002 is an unknown value
R9 =0x00000358aeef0802 is an unknown value
R10=0x0000000000008000 is an unknown value
R11=0x000000febf8ff0f0 points into unknown readable memory: 0x0000028c114045a0 | a0 45 40 11 8c 02 00 00
R12=0x00007ffd80744360 glass.dll
R13=0x00007ffd531fd4d0 jvm.dll
R14=0x000000febf8ff258 points into unknown readable memory: 0x000000febf8ff240 | 40 f2 8f bf fe 00 00 00
R15=0x0000028c114045a0 points into unknown readable memory: 0x0001fcaeaf3ff1e2 | e2 f1 3f af ae fc 01 00

Top of Stack: (sp=0x000000febf8ff160)
0x000000febf8ff160:   0000000000000000 0000028c114045a0
0x000000febf8ff170:   00007ffd531fd4d0 00007ffd80744360
0x000000febf8ff180:   0000028c114045a8 00007ffda90142d6
0x000000febf8ff190:   00000358aeef0802 0000028c00000000
0x000000febf8ff1a0:   0000028c114045c8 0000028c114045a0
0x000000febf8ff1b0:   fffffffffffffffe 0000000000000000
0x000000febf8ff1c0:   0000000000000001 00007ffd80720000
0x000000febf8ff1d0:   000000febf8ff248 00007ffda90141fb
0x000000febf8ff1e0:   0000000000000000 000000febf8ff258
0x000000febf8ff1f0:   000000febf8ff530 00007ffda90f0e40
0x000000febf8ff200:   0000000000000001 00007ffda90141b4
0x000000febf8ff210:   0000000000000000 0000000000000001
0x000000febf8ff220:   0000000000000000 000000febf8ff248
0x000000febf8ff230:   0000000000000001 00007ffd807441ed
0x000000febf8ff240:   00007ffd8075a008 00007ffd00000002
0x000000febf8ff250:   0000000000000002 000000febf8ff240
0x000000febf8ff260:   0000000000000000 00007ffdab409993
0x000000febf8ff270:   0000000000000000 00007ffd80744312
0x000000febf8ff280:   0000000000000001 0000000000000000
0x000000febf8ff290:   0000000000000000 00007ffda90f0e40
0x000000febf8ff2a0:   0000028baccfa6b8 00007ffda900f05b
0x000000febf8ff2b0:   0000028b00000001 0000000000000016
0x000000febf8ff2c0:   00007ffd80720000 000000007ffe0384
0x000000febf8ff2d0:   0000000000000000 00007ffdab409a1d
0x000000febf8ff2e0:   00007ffd80720000 0000000000000000
0x000000febf8ff2f0:   0000000000000001 000000007ffe0385
0x000000febf8ff300:   0000000000000000 00007ffdab44f331
0x000000febf8ff310:   0000946bc8025500 0000000000000014
0x000000febf8ff320:   00007ffd80744360 0000000000000000
0x000000febf8ff330:   0000000000000000 000000febeddc000
0x000000febf8ff340:   0000028c11437980 00007ffdab44f1ca
0x000000febf8ff350:   0000028c11438080 00007ffd80720000 

Instructions: (pc=0x00007ffd80746a17)
0x00007ffd80746917:   8b 4d 58 e8 8d cf ff ff 48 8b 4d 60 e8 84 cf ff
0x00007ffd80746927:   ff 48 8b 95 80 00 00 00 48 8b 8d 18 01 00 00 e8
0x00007ffd80746937:   76 c4 ff ff 33 d2 33 c9 e8 cc e1 ff ff 90 48 89
0x00007ffd80746947:   54 24 10 55 48 83 ec 20 48 8b ea 48 b8 00 00 00
0x00007ffd80746957:   00 00 00 00 00 48 83 c4 20 5d c3 cc 40 55 48 8b
0x00007ffd80746967:   ea 48 8b 01 33 c9 81 38 05 00 00 c0 0f 94 c1 8b
0x00007ffd80746977:   c1 5d c3 cc 40 55 48 83 ec 20 48 8b ea 8a 4d 40
0x00007ffd80746987:   48 83 c4 20 5d e9 73 d3 ff ff cc 40 55 48 83 ec
0x00007ffd80746997:   20 48 8b ea 8a 4d 20 e8 61 d3 ff ff 90 48 83 c4
0x00007ffd807469a7:   20 5d c3 cc 40 55 48 83 ec 20 48 8b ea 48 83 c4
0x00007ffd807469b7:   20 5d e9 c2 d1 ff ff cc 40 55 48 83 ec 30 48 8b
0x00007ffd807469c7:   ea 48 8b 01 8b 10 48 89 4c 24 28 89 54 24 20 4c
0x00007ffd807469d7:   8d 0d 63 d6 ff ff 4c 8b 45 70 8b 55 68 48 8b 4d
0x00007ffd807469e7:   60 e8 03 d1 ff ff 90 48 83 c4 30 5d c3 cc cc cc
0x00007ffd807469f7:   cc cc cc cc cc cc cc cc cc 40 53 48 83 ec 20 48
0x00007ffd80746a07:   8b 1d fb 2f 01 00 48 85 db 74 16 e8 89 8f ff ff
0x00007ffd80746a17:   4c 8b 00 48 8b d3 48 8b c8 41 ff 90 b0 00 00 00
0x00007ffd80746a27:   90 48 83 c4 20 5b c3 cc cc 40 53 48 83 ec 20 48
0x00007ffd80746a37:   8b 1d 6b 31 01 00 48 85 db 74 57 b8 ff ff ff ff
0x00007ffd80746a47:   f0 0f c1 43 10 83 f8 01 75 3d 48 85 db 74 38 48
0x00007ffd80746a57:   8b 0b 48 85 c9 74 0d ff 15 44 08 00 00 48 c7 03
0x00007ffd80746a67:   00 00 00 00 48 8b 4b 08 48 85 c9 74 0d e8 33 ce
0x00007ffd80746a77:   ff ff 48 c7 43 08 00 00 00 00 ba 18 00 00 00 48
0x00007ffd80746a87:   8b cb e8 1e ce ff ff 48 c7 05 0f 31 01 00 00 00
0x00007ffd80746a97:   00 00 48 83 c4 20 5b c3 cc 40 53 48 83 ec 20 48
0x00007ffd80746aa7:   8b 1d db 30 01 00 48 85 db 74 57 b8 ff ff ff ff
0x00007ffd80746ab7:   f0 0f c1 43 10 83 f8 01 75 3d 48 85 db 74 38 48
0x00007ffd80746ac7:   8b 0b 48 85 c9 74 0d ff 15 d4 07 00 00 48 c7 03
0x00007ffd80746ad7:   00 00 00 00 48 8b 4b 08 48 85 c9 74 0d e8 c3 cd
0x00007ffd80746ae7:   ff ff 48 c7 43 08 00 00 00 00 ba 18 00 00 00 48
0x00007ffd80746af7:   8b cb e8 ae cd ff ff 48 c7 05 7f 30 01 00 00 00
0x00007ffd80746b07:   00 00 48 83 c4 20 5b c3 cc 40 53 48 83 ec 20 48 


Stack slot to memory mapping:

stack at sp + 0 slots: 0x0 is null
stack at sp + 1 slots: 0x0000028c114045a0 points into unknown readable memory: 0x0001fcaeaf3ff1e2 | e2 f1 3f af ae fc 01 00
stack at sp + 2 slots: 0x00007ffd531fd4d0 jvm.dll
stack at sp + 3 slots: 0x00007ffd80744360 glass.dll
stack at sp + 4 slots: 0x0000028c114045a8 points into unknown readable memory: 0x00000358aeef0802 | 02 08 ef ae 58 03 00 00
stack at sp + 5 slots: 0x00007ffda90142d6 ucrtbase.dll
stack at sp + 6 slots: 0x00000358aeef0802 is an unknown value
stack at sp + 7 slots: 0x0000028c00000000 is an unknown value

VM_Operation (0x000000fec04ff080): Exit, mode: safepoint, requested by thread 0x0000028c11584960


---------------  P R O C E S S  ---------------

Threads class SMR info:
_java_thread_list=0x0000028bcaa1abd0, length=21, elements={
0x0000028baf011200, 0x0000028bca996ee0, 0x0000028bca997a00, 0x0000028bca99a510,
0x0000028bca99ec90, 0x0000028bca99fa90, 0x0000028bca9a7060, 0x0000028bca9aaee0,
0x0000028bca9b0590, 0x0000028bcaabb0a0, 0x0000028c1113ce80, 0x0000028bcaab9cf0,
0x0000028bcaabb730, 0x0000028bcaabbdc0, 0x0000028bcaab8940, 0x0000028bcaab8fd0,
0x0000028bcaab9660, 0x0000028c11b554f0, 0x0000028c11b56f30, 0x0000028c1240f6e0,
0x0000028c11584960
}

Java Threads: ( => current thread )
  0x0000028baf011200 JavaThread "main"                              [_thread_blocked, id=12576, stack(0x000000febf100000,0x000000febf200000) (1024K)]
  0x0000028bca996ee0 JavaThread "Reference Handler"          daemon [_thread_blocked, id=892, stack(0x000000febfa00000,0x000000febfb00000) (1024K)]
  0x0000028bca997a00 JavaThread "Finalizer"                  daemon [_thread_blocked, id=9784, stack(0x000000febfb00000,0x000000febfc00000) (1024K)]
  0x0000028bca99a510 JavaThread "Signal Dispatcher"          daemon [_thread_blocked, id=13172, stack(0x000000febfc00000,0x000000febfd00000) (1024K)]
  0x0000028bca99ec90 JavaThread "Attach Listener"            daemon [_thread_blocked, id=2760, stack(0x000000febfd00000,0x000000febfe00000) (1024K)]
  0x0000028bca99fa90 JavaThread "Service Thread"             daemon [_thread_blocked, id=9600, stack(0x000000febfe00000,0x000000febff00000) (1024K)]
  0x0000028bca9a7060 JavaThread "Monitor Deflation Thread"   daemon [_thread_blocked, id=2732, stack(0x000000febff00000,0x000000fec0000000) (1024K)]
  0x0000028bca9aaee0 JavaThread "C2 CompilerThread0"         daemon [_thread_blocked, id=1964, stack(0x000000fec0000000,0x000000fec0100000) (1024K)]
  0x0000028bca9b0590 JavaThread "C1 CompilerThread0"         daemon [_thread_blocked, id=9208, stack(0x000000fec0100000,0x000000fec0200000) (1024K)]
  0x0000028bcaabb0a0 JavaThread "Common-Cleaner"             daemon [_thread_blocked, id=10584, stack(0x000000fec0200000,0x000000fec0300000) (1024K)]
  0x0000028c1113ce80 JavaThread "JDWP Event Helper Thread"   daemon [_thread_blocked, id=6316, stack(0x000000fec0500000,0x000000fec0600000) (1024K)]
  0x0000028bcaab9cf0 JavaThread "IntelliJ Suspend Helper"    daemon [_thread_blocked, id=7048, stack(0x000000fec0300000,0x000000fec0400000) (1024K)]
  0x0000028bcaabb730 JavaThread "Notification Thread"        daemon [_thread_blocked, id=12420, stack(0x000000fec0700000,0x000000fec0800000) (1024K)]
  0x0000028bcaabbdc0 JavaThread "JavaFX-Launcher"                   [_thread_blocked, id=11840, stack(0x000000fec0800000,0x000000fec0900000) (1024K)]
  0x0000028bcaab8940 JavaThread "QuantumRenderer-0"          daemon [_thread_blocked, id=11796, stack(0x000000fec0c00000,0x000000fec0d00000) (1024K)]
  0x0000028bcaab8fd0 JavaThread "InvokeLaterDispatcher"      daemon [_thread_blocked, id=8296, stack(0x000000fec0f00000,0x000000fec1000000) (1024K)]
  0x0000028bcaab9660 JavaThread "JavaFX Application Thread"         [_thread_in_native, id=13020, stack(0x000000fec1000000,0x000000fec1100000) (1024K)]
  0x0000028c11b554f0 JavaThread "Thread-2"                   daemon [_thread_in_native, id=2352, stack(0x000000fec1500000,0x000000fec1600000) (1024K)]
  0x0000028c11b56f30 JavaThread "Prism Font Disposer"        daemon [_thread_blocked, id=11776, stack(0x000000fec1800000,0x000000fec1900000) (1024K)]
  0x0000028c1240f6e0 JavaThread "Cleaner-0"                  daemon [_thread_blocked, id=5404, stack(0x000000fec1600000,0x000000fec1700000) (1024K)]
  0x0000028c11584960 JavaThread "SIGINT handler"             daemon [_thread_blocked, id=10856, stack(0x000000fec0400000,0x000000fec0500000) (1024K)]
Total: 21

Other Threads:
=>0x0000028bca97f260 VMThread "VM Thread"                           [id=2676, stack(0x000000febf800000,0x000000febf900000) (1024K)]
  0x0000028baf05c2f0 WorkerThread "GC Thread#0"                     [id=9240, stack(0x000000febf200000,0x000000febf300000) (1024K)]
  0x0000028c100edd70 WorkerThread "GC Thread#1"                     [id=4716, stack(0x000000fec0900000,0x000000fec0a00000) (1024K)]
  0x0000028c100ed0a0 WorkerThread "GC Thread#2"                     [id=10720, stack(0x000000fec0a00000,0x000000fec0b00000) (1024K)]
  0x0000028c10cb85f0 WorkerThread "GC Thread#3"                     [id=10404, stack(0x000000fec0b00000,0x000000fec0c00000) (1024K)]
  0x0000028baf0690d0 ConcurrentGCThread "G1 Main Marker"            terminated
  0x0000028baf069bd0 WorkerThread "G1 Conc#0"                       [id=12296, stack(0x000000febf400000,0x000000febf500000) (1024K)]
  0x0000028baf0ce370 ConcurrentGCThread "G1 Refine#0"               terminated
  0x0000028bca8460d0 ConcurrentGCThread "G1 Service"                terminated
Total: 9

Threads with active compile tasks:
Total: 0

VM state: at safepoint (shutting down)

VM Mutex/Monitor currently owned by a thread:  ([mutex/lock_event])
[0x00007ffd531d53f8] Threads_lock - owner thread: 0x0000028bca97f260
[0x00007ffd531d54f8] Heap_lock - owner thread: 0x0000028c11584960

Heap address: 0x00000000a1000000, size: 1520 MB, Compressed Oops mode: 32-bit

CDS archive(s) mapped at: [0x0000028bcb000000-0x0000028bcbc80000-0x0000028bcbc80000), size 13107200, SharedBaseAddress: 0x0000028bcb000000, ArchiveRelocationMode: 1.
Compressed class space mapped at: 0x0000028bcc000000-0x0000028c0c000000, reserved size: 1073741824
Narrow klass base: 0x0000028bcb000000, Narrow klass shift: 0, Narrow klass range: 0x100000000

GC Precious Log:
 CardTable entry size: 512
 Card Set container configuration: InlinePtr #cards 5 size 8 Array Of Cards #cards 12 size 40 Howl #buckets 4 coarsen threshold 1843 Howl Bitmap #cards 512 size 80 coarsen threshold 460 Card regions per heap region 1 cards per card region 2048
 CPUs: 4 total, 4 available
 Memory: 6074M
 Large Page Support: Disabled
 NUMA Support: Disabled
 Compressed Oops: Enabled (32-bit)
 Heap Region Size: 1M
 Heap Min Capacity: 8M
 Heap Initial Capacity: 96M
 Heap Max Capacity: 1520M
 Pre-touch: Disabled
 Parallel Workers: 4
 Concurrent Workers: 1
 Concurrent Refinement Workers: 4
 Periodic GC: Disabled

Heap:
 garbage-first heap   total 45056K, used 32856K [0x00000000a1000000, 0x0000000100000000)
  region size 1024K, 23 young (23552K), 2 survivors (2048K)
 Metaspace       used 23362K, committed 23680K, reserved 1114112K
  class space    used 3265K, committed 3392K, reserved 1048576K

Heap Regions: E=young(eden), S=young(survivor), O=old, HS=humongous(starts), HC=humongous(continues), CS=collection set, F=free, TAMS=top-at-mark-start, PB=parsable bottom
|   0|0x00000000a1000000, 0x00000000a1100000, 0x00000000a1100000|100%| O|  |TAMS 0x00000000a1000000| PB 0x00000000a1000000| Untracked 
|   1|0x00000000a1100000, 0x00000000a1200000, 0x00000000a1200000|100%|HS|  |TAMS 0x00000000a1100000| PB 0x00000000a1100000| Complete 
|   2|0x00000000a1200000, 0x00000000a1300000, 0x00000000a1300000|100%|HC|  |TAMS 0x00000000a1200000| PB 0x00000000a1200000| Complete 
|   3|0x00000000a1300000, 0x00000000a1400000, 0x00000000a1400000|100%| O|  |TAMS 0x00000000a1300000| PB 0x00000000a1300000| Untracked 
|   4|0x00000000a1400000, 0x00000000a1500000, 0x00000000a1500000|100%| O|  |TAMS 0x00000000a1400000| PB 0x00000000a1400000| Untracked 
|   5|0x00000000a1500000, 0x00000000a1600000, 0x00000000a1600000|100%| O|  |TAMS 0x00000000a1500000| PB 0x00000000a1500000| Untracked 
|   6|0x00000000a1600000, 0x00000000a1700000, 0x00000000a1700000|100%| O|  |TAMS 0x00000000a1600000| PB 0x00000000a1600000| Untracked 
|   7|0x00000000a1700000, 0x00000000a1800000, 0x00000000a1800000|100%| O|  |TAMS 0x00000000a1700000| PB 0x00000000a1700000| Untracked 
|   8|0x00000000a1800000, 0x00000000a1900000, 0x00000000a1900000|100%| O|  |TAMS 0x00000000a1800000| PB 0x00000000a1800000| Untracked 
|   9|0x00000000a1900000, 0x00000000a1a00000, 0x00000000a1a00000|100%| O|  |TAMS 0x00000000a1900000| PB 0x00000000a1900000| Untracked 
|  10|0x00000000a1a00000, 0x00000000a1ad10d0, 0x00000000a1b00000| 81%| O|Cm|TAMS 0x00000000a1a00000| PB 0x00000000a1a00000| Complete 
|  11|0x00000000a1b00000, 0x00000000a1b00000, 0x00000000a1c00000|  0%| F|  |TAMS 0x00000000a1b00000| PB 0x00000000a1b00000| Untracked 
|  12|0x00000000a1c00000, 0x00000000a1c00000, 0x00000000a1d00000|  0%| F|  |TAMS 0x00000000a1c00000| PB 0x00000000a1c00000| Untracked 
|  13|0x00000000a1d00000, 0x00000000a1d00000, 0x00000000a1e00000|  0%| F|  |TAMS 0x00000000a1d00000| PB 0x00000000a1d00000| Untracked 
|  14|0x00000000a1e00000, 0x00000000a1e00000, 0x00000000a1f00000|  0%| F|  |TAMS 0x00000000a1e00000| PB 0x00000000a1e00000| Untracked 
|  15|0x00000000a1f00000, 0x00000000a1f00000, 0x00000000a2000000|  0%| F|  |TAMS 0x00000000a1f00000| PB 0x00000000a1f00000| Untracked 
|  16|0x00000000a2000000, 0x00000000a2000000, 0x00000000a2100000|  0%| F|  |TAMS 0x00000000a2000000| PB 0x00000000a2000000| Untracked 
|  17|0x00000000a2100000, 0x00000000a2100000, 0x00000000a2200000|  0%| F|  |TAMS 0x00000000a2100000| PB 0x00000000a2100000| Untracked 
|  18|0x00000000a2200000, 0x00000000a2200000, 0x00000000a2300000|  0%| F|  |TAMS 0x00000000a2200000| PB 0x00000000a2200000| Untracked 
|  19|0x00000000a2300000, 0x00000000a2300000, 0x00000000a2400000|  0%| F|  |TAMS 0x00000000a2300000| PB 0x00000000a2300000| Untracked 
|  20|0x00000000a2400000, 0x00000000a2400000, 0x00000000a2500000|  0%| F|  |TAMS 0x00000000a2400000| PB 0x00000000a2400000| Untracked 
|  21|0x00000000a2500000, 0x00000000a2534ae8, 0x00000000a2600000| 20%| E|  |TAMS 0x00000000a2500000| PB 0x00000000a2500000| Complete 
|  22|0x00000000a2600000, 0x00000000a2700000, 0x00000000a2700000|100%| E|CS|TAMS 0x00000000a2600000| PB 0x00000000a2600000| Complete 
|  23|0x00000000a2700000, 0x00000000a2800000, 0x00000000a2800000|100%| E|CS|TAMS 0x00000000a2700000| PB 0x00000000a2700000| Complete 
|  24|0x00000000a2800000, 0x00000000a2900000, 0x00000000a2900000|100%| E|CS|TAMS 0x00000000a2800000| PB 0x00000000a2800000| Complete 
|  25|0x00000000a2900000, 0x00000000a2a00000, 0x00000000a2a00000|100%| E|CS|TAMS 0x00000000a2900000| PB 0x00000000a2900000| Complete 
|  26|0x00000000a2a00000, 0x00000000a2b00000, 0x00000000a2b00000|100%| E|CS|TAMS 0x00000000a2a00000| PB 0x00000000a2a00000| Complete 
|  27|0x00000000a2b00000, 0x00000000a2c00000, 0x00000000a2c00000|100%| E|CS|TAMS 0x00000000a2b00000| PB 0x00000000a2b00000| Complete 
|  28|0x00000000a2c00000, 0x00000000a2d00000, 0x00000000a2d00000|100%| E|CS|TAMS 0x00000000a2c00000| PB 0x00000000a2c00000| Complete 
|  29|0x00000000a2d00000, 0x00000000a2e00000, 0x00000000a2e00000|100%| E|CS|TAMS 0x00000000a2d00000| PB 0x00000000a2d00000| Complete 
|  30|0x00000000a2e00000, 0x00000000a2f00000, 0x00000000a2f00000|100%| E|CS|TAMS 0x00000000a2e00000| PB 0x00000000a2e00000| Complete 
|  31|0x00000000a2f00000, 0x00000000a3000000, 0x00000000a3000000|100%| E|CS|TAMS 0x00000000a2f00000| PB 0x00000000a2f00000| Complete 
|  32|0x00000000a3000000, 0x00000000a3100000, 0x00000000a3100000|100%| E|CS|TAMS 0x00000000a3000000| PB 0x00000000a3000000| Complete 
|  33|0x00000000a3100000, 0x00000000a3200000, 0x00000000a3200000|100%| E|CS|TAMS 0x00000000a3100000| PB 0x00000000a3100000| Complete 
|  34|0x00000000a3200000, 0x00000000a3300000, 0x00000000a3300000|100%| E|CS|TAMS 0x00000000a3200000| PB 0x00000000a3200000| Complete 
|  35|0x00000000a3300000, 0x00000000a3400000, 0x00000000a3400000|100%| E|CS|TAMS 0x00000000a3300000| PB 0x00000000a3300000| Complete 
|  36|0x00000000a3400000, 0x00000000a3500000, 0x00000000a3500000|100%| E|CS|TAMS 0x00000000a3400000| PB 0x00000000a3400000| Complete 
|  37|0x00000000a3500000, 0x00000000a3600000, 0x00000000a3600000|100%| E|CS|TAMS 0x00000000a3500000| PB 0x00000000a3500000| Complete 
|  38|0x00000000a3600000, 0x00000000a3700000, 0x00000000a3700000|100%| E|CS|TAMS 0x00000000a3600000| PB 0x00000000a3600000| Complete 
|  39|0x00000000a3700000, 0x00000000a3800000, 0x00000000a3800000|100%| E|CS|TAMS 0x00000000a3700000| PB 0x00000000a3700000| Complete 
|  40|0x00000000a3800000, 0x00000000a3900000, 0x00000000a3900000|100%| E|CS|TAMS 0x00000000a3800000| PB 0x00000000a3800000| Complete 
|  88|0x00000000a6800000, 0x00000000a6845078, 0x00000000a6900000| 26%| S|CS|TAMS 0x00000000a6800000| PB 0x00000000a6800000| Complete 
|  89|0x00000000a6900000, 0x00000000a6a00000, 0x00000000a6a00000|100%| S|CS|TAMS 0x00000000a6900000| PB 0x00000000a6900000| Complete 
|  95|0x00000000a6f00000, 0x00000000a7000000, 0x00000000a7000000|100%| E|CS|TAMS 0x00000000a6f00000| PB 0x00000000a6f00000| Complete 

Card table byte_map: [0x0000028bc6a10000,0x0000028bc6d10000] _byte_map_base: 0x0000028bc6508000

Marking Bits: (CMBitMap*) 0x0000028baf05c9f0
 Bits: [0x0000028bc6d10000, 0x0000028bc84d0000)

Polling page: 0x0000028bacee0000

Metaspace:

Usage:
  Non-class:     19.63 MB used.
      Class:      3.19 MB used.
       Both:     22.81 MB used.

Virtual space:
  Non-class space:       64.00 MB reserved,      19.81 MB ( 31%) committed,  1 nodes.
      Class space:        1.00 GB reserved,       3.31 MB ( <1%) committed,  1 nodes.
             Both:        1.06 GB reserved,      23.12 MB (  2%) committed. 

Chunk freelists:
   Non-Class:  12.19 MB
       Class:  12.63 MB
        Both:  24.82 MB

MaxMetaspaceSize: unlimited
CompressedClassSpaceSize: 1.00 GB
Initial GC threshold: 21.00 MB
Current GC threshold: 35.12 MB
CDS: on
 - commit_granule_bytes: 65536.
 - commit_granule_words: 8192.
 - virtual_space_node_default_size: 8388608.
 - enlarge_chunks_in_place: 1.
 - use_allocation_guard: 0.


Internal statistics:

num_allocs_failed_limit: 3.
num_arena_births: 370.
num_arena_deaths: 0.
num_vsnodes_births: 2.
num_vsnodes_deaths: 0.
num_space_committed: 370.
num_space_uncommitted: 0.
num_chunks_returned_to_freelist: 3.
num_chunks_taken_from_freelist: 1050.
num_chunk_merges: 3.
num_chunk_splits: 726.
num_chunks_enlarged: 545.
num_inconsistent_stats: 0.

CodeHeap 'non-profiled nmethods': size=120000Kb used=2248Kb max_used=2248Kb free=117752Kb
 bounds [0x0000028bbf1e0000, 0x0000028bbf450000, 0x0000028bc6710000]
CodeHeap 'profiled nmethods': size=120000Kb used=10038Kb max_used=10038Kb free=109961Kb
 bounds [0x0000028bb7710000, 0x0000028bb80e0000, 0x0000028bbec40000]
CodeHeap 'non-nmethods': size=5760Kb used=1886Kb max_used=1944Kb free=3873Kb
 bounds [0x0000028bbec40000, 0x0000028bbeeb0000, 0x0000028bbf1e0000]
CodeCache: size=245760Kb, used=14172Kb, max_used=14230Kb, free=231586Kb
 total_blobs=5475, nmethods=4644, adapters=733, full_count=0
Compilation: enabled, stopped_count=0, restarted_count=0

Compilation events (20 events):
Event: 36.986 Thread 0x0000028bca9b0590 nmethod 4641 0x0000028bb80d7c90 code [0x0000028bb80d7f40, 0x0000028bb80d89b0]
Event: 36.986 Thread 0x0000028bca9b0590 4638       3       com.sun.javafx.text.TextRun::setLocation (14 bytes)
Event: 36.986 Thread 0x0000028bca9b0590 nmethod 4638 0x0000028bb80d8c90 code [0x0000028bb80d8e40, 0x0000028bb80d90d0]
Event: 36.986 Thread 0x0000028bca9b0590 4639       1       com.sun.javafx.geom.transform.Identity::getType (2 bytes)
Event: 36.986 Thread 0x0000028bca9b0590 nmethod 4639 0x0000028bbf40a910 code [0x0000028bbf40aaa0, 0x0000028bbf40ab68]
Event: 37.029 Thread 0x0000028bca9aaee0 nmethod 4520 0x0000028bbf40ac10 code [0x0000028bbf40b0e0, 0x0000028bbf40f2f8]
Event: 37.920 Thread 0x0000028bca9b0590 4642       3       javafx.scene.Parent::computeViewOrderChildren (93 bytes)
Event: 37.921 Thread 0x0000028bca9b0590 nmethod 4642 0x0000028bb80d9210 code [0x0000028bb80d9480, 0x0000028bb80da040]
Event: 37.933 Thread 0x0000028bca9b0590 4643       3       javafx.scene.input.MouseEvent::copyFor (17 bytes)
Event: 37.934 Thread 0x0000028bca9b0590 nmethod 4643 0x0000028bb80da410 code [0x0000028bb80da5c0, 0x0000028bb80da810]
Event: 38.020 Thread 0x0000028bca9b0590 4644       3       java.util.stream.ReferencePipeline$3::<init> (15 bytes)
Event: 38.020 Thread 0x0000028bca9b0590 nmethod 4644 0x0000028bb80da910 code [0x0000028bb80daae0, 0x0000028bb80dad78]
Event: 38.020 Thread 0x0000028bca9b0590 4645       3       java.util.stream.ReferencePipeline$3::opWrapSink (10 bytes)
Event: 38.020 Thread 0x0000028bca9b0590 nmethod 4645 0x0000028bb80daf10 code [0x0000028bb80db100, 0x0000028bb80db6c8]
Event: 38.020 Thread 0x0000028bca9b0590 4646       3       java.util.stream.ReferencePipeline$3$1::<init> (11 bytes)
Event: 38.021 Thread 0x0000028bca9b0590 nmethod 4646 0x0000028bb80db910 code [0x0000028bb80dbb00, 0x0000028bb80dbff8]
Event: 38.027 Thread 0x0000028bca9b0590 4647   !   3       javafx.scene.Node::pickNode (130 bytes)
Event: 38.028 Thread 0x0000028bca9b0590 nmethod 4647 0x0000028bb80dc190 code [0x0000028bb80dc440, 0x0000028bb80dd2c0]
Event: 38.034 Thread 0x0000028bca9aaee0 4648       4       java.util.EnumMap$EnumMapIterator::hasNext (64 bytes)
Event: 38.037 Thread 0x0000028bca9aaee0 nmethod 4648 0x0000028bbf411b90 code [0x0000028bbf411d20, 0x0000028bbf411ec8]

GC Heap History (8 events):
Event: 1.559 GC heap before
{Heap before GC invocations=0 (full 0):
 garbage-first heap   total 98304K, used 13312K [0x00000000a1000000, 0x0000000100000000)
  region size 1024K, 13 young (13312K), 0 survivors (0K)
 Metaspace       used 2248K, committed 2432K, reserved 1114112K
  class space    used 210K, committed 320K, reserved 1048576K
}
Event: 1.563 GC heap after
{Heap after GC invocations=1 (full 0):
 garbage-first heap   total 98304K, used 1520K [0x00000000a1000000, 0x0000000100000000)
  region size 1024K, 2 young (2048K), 2 survivors (2048K)
 Metaspace       used 2248K, committed 2432K, reserved 1114112K
  class space    used 210K, committed 320K, reserved 1048576K
}
Event: 2.602 GC heap before
{Heap before GC invocations=1 (full 0):
 garbage-first heap   total 98304K, used 25072K [0x00000000a1000000, 0x0000000100000000)
  region size 1024K, 26 young (26624K), 2 survivors (2048K)
 Metaspace       used 9052K, committed 9280K, reserved 1114112K
  class space    used 1031K, committed 1152K, reserved 1048576K
}
Event: 2.608 GC heap after
{Heap after GC invocations=2 (full 0):
 garbage-first heap   total 98304K, used 4128K [0x00000000a1000000, 0x0000000100000000)
  region size 1024K, 4 young (4096K), 4 survivors (4096K)
 Metaspace       used 9052K, committed 9280K, reserved 1114112K
  class space    used 1031K, committed 1152K, reserved 1048576K
}
Event: 15.932 GC heap before
{Heap before GC invocations=2 (full 0):
 garbage-first heap   total 98304K, used 59424K [0x00000000a1000000, 0x0000000100000000)
  region size 1024K, 57 young (58368K), 4 survivors (4096K)
 Metaspace       used 20309K, committed 20672K, reserved 1114112K
  class space    used 2814K, committed 3008K, reserved 1048576K
}
Event: 15.944 GC heap after
{Heap after GC invocations=3 (full 0):
 garbage-first heap   total 98304K, used 10747K [0x00000000a1000000, 0x0000000100000000)
  region size 1024K, 8 young (8192K), 8 survivors (8192K)
 Metaspace       used 20309K, committed 20672K, reserved 1114112K
  class space    used 2814K, committed 3008K, reserved 1048576K
}
Event: 16.093 GC heap before
{Heap before GC invocations=3 (full 0):
 garbage-first heap   total 98304K, used 15867K [0x00000000a1000000, 0x0000000100000000)
  region size 1024K, 14 young (14336K), 8 survivors (8192K)
 Metaspace       used 21141K, committed 21504K, reserved 1114112K
  class space    used 3004K, committed 3136K, reserved 1048576K
}
Event: 16.103 GC heap after
{Heap after GC invocations=4 (full 0):
 garbage-first heap   total 98304K, used 12376K [0x00000000a1000000, 0x0000000100000000)
  region size 1024K, 2 young (2048K), 2 survivors (2048K)
 Metaspace       used 21141K, committed 21504K, reserved 1114112K
  class space    used 3004K, committed 3136K, reserved 1048576K
}

Dll operation events (20 events):
Event: 1.866 Loaded shared library C:\Users\Bailey\.openjfx\cache\21.0.6+3\amd64\api-ms-win-crt-locale-l1-1-0.dll
Event: 1.871 Loaded shared library C:\Users\Bailey\.openjfx\cache\21.0.6+3\amd64\api-ms-win-crt-math-l1-1-0.dll
Event: 1.876 Loaded shared library C:\Users\Bailey\.openjfx\cache\21.0.6+3\amd64\api-ms-win-crt-multibyte-l1-1-0.dll
Event: 1.882 Loaded shared library C:\Users\Bailey\.openjfx\cache\21.0.6+3\amd64\api-ms-win-crt-private-l1-1-0.dll
Event: 1.888 Loaded shared library C:\Users\Bailey\.openjfx\cache\21.0.6+3\amd64\api-ms-win-crt-process-l1-1-0.dll
Event: 1.894 Loaded shared library C:\Users\Bailey\.openjfx\cache\21.0.6+3\amd64\api-ms-win-crt-runtime-l1-1-0.dll
Event: 1.899 Loaded shared library C:\Users\Bailey\.openjfx\cache\21.0.6+3\amd64\api-ms-win-crt-stdio-l1-1-0.dll
Event: 1.905 Loaded shared library C:\Users\Bailey\.openjfx\cache\21.0.6+3\amd64\api-ms-win-crt-string-l1-1-0.dll
Event: 1.910 Loaded shared library C:\Users\Bailey\.openjfx\cache\21.0.6+3\amd64\api-ms-win-crt-time-l1-1-0.dll
Event: 1.916 Loaded shared library C:\Users\Bailey\.openjfx\cache\21.0.6+3\amd64\api-ms-win-crt-utility-l1-1-0.dll
Event: 1.934 Loaded shared library C:\Users\Bailey\.openjfx\cache\21.0.6+3\amd64\ucrtbase.dll
Event: 1.940 Loaded shared library C:\Users\Bailey\.openjfx\cache\21.0.6+3\amd64\vcruntime140.dll
Event: 1.945 Loaded shared library C:\Users\Bailey\.openjfx\cache\21.0.6+3\amd64\vcruntime140_1.dll
Event: 1.957 Loaded shared library C:\Users\Bailey\.openjfx\cache\21.0.6+3\amd64\msvcp140.dll
Event: 1.962 Loaded shared library C:\Users\Bailey\.openjfx\cache\21.0.6+3\amd64\msvcp140_1.dll
Event: 1.969 Loaded shared library C:\Users\Bailey\.openjfx\cache\21.0.6+3\amd64\msvcp140_2.dll
Event: 2.044 Loaded shared library C:\Users\Bailey\.openjfx\cache\21.0.6+3\amd64\prism_d3d.dll
Event: 2.106 Loaded shared library C:\Users\Bailey\.openjfx\cache\21.0.6+3\amd64\glass.dll
Event: 2.302 Loaded shared library C:\Program Files\Amazon Corretto\jdk21.0.8_9\bin\jimage.dll
Event: 2.716 Loaded shared library C:\Users\Bailey\.openjfx\cache\21.0.6+3\amd64\javafx_font.dll

Deoptimization events (20 events):
Event: 34.134 Thread 0x0000028bcaab8940 Uncommon trap: trap_request=0xffffffd6 fr.pc=0x0000028bbf3fbb4c relative=0x000000000000046c
Event: 34.134 Thread 0x0000028bcaab8940 Uncommon trap: reason=array_check action=maybe_recompile pc=0x0000028bbf3fbb4c method=com.sun.prism.impl.ps.BaseShaderContext.setTexture(ILcom/sun/prism/Texture;)V @ 50 c2
Event: 34.134 Thread 0x0000028bcaab8940 DEOPT PACKING pc=0x0000028bbf3fbb4c sp=0x000000fec0cfd750
Event: 34.134 Thread 0x0000028bcaab8940 DEOPT UNPACKING pc=0x0000028bbec946a2 sp=0x000000fec0cfd728 mode 2
Event: 34.135 Thread 0x0000028bcaab8940 Uncommon trap: trap_request=0xffffffd6 fr.pc=0x0000028bbf3fbb4c relative=0x000000000000046c
Event: 34.135 Thread 0x0000028bcaab8940 Uncommon trap: reason=array_check action=maybe_recompile pc=0x0000028bbf3fbb4c method=com.sun.prism.impl.ps.BaseShaderContext.setTexture(ILcom/sun/prism/Texture;)V @ 50 c2
Event: 34.135 Thread 0x0000028bcaab8940 DEOPT PACKING pc=0x0000028bbf3fbb4c sp=0x000000fec0cfd750
Event: 34.135 Thread 0x0000028bcaab8940 DEOPT UNPACKING pc=0x0000028bbec946a2 sp=0x000000fec0cfd728 mode 2
Event: 36.946 Thread 0x0000028bcaab9660 Uncommon trap: trap_request=0xffffffde fr.pc=0x0000028bbf37aba0 relative=0x00000000000002c0
Event: 36.946 Thread 0x0000028bcaab9660 Uncommon trap: reason=class_check action=maybe_recompile pc=0x0000028bbf37aba0 method=java.util.WeakHashMap.matchesKey(Ljava/util/WeakHashMap$Entry;Ljava/lang/Object;)Z @ 21 c2
Event: 36.946 Thread 0x0000028bcaab9660 DEOPT PACKING pc=0x0000028bbf37aba0 sp=0x000000fec10f9780
Event: 36.946 Thread 0x0000028bcaab9660 DEOPT UNPACKING pc=0x0000028bbec946a2 sp=0x000000fec10f96d8 mode 2
Event: 37.948 Thread 0x0000028bcaab9660 Uncommon trap: trap_request=0xffffff45 fr.pc=0x0000028bbf3d38fc relative=0x000000000000029c
Event: 37.948 Thread 0x0000028bcaab9660 Uncommon trap: reason=unstable_if action=reinterpret pc=0x0000028bbf3d38fc method=javafx.scene.Node.pickNode(Lcom/sun/javafx/geom/PickRay;Lcom/sun/javafx/scene/input/PickResultChooser;)V @ 18 c2
Event: 37.948 Thread 0x0000028bcaab9660 DEOPT PACKING pc=0x0000028bbf3d38fc sp=0x000000fec10f8740
Event: 37.948 Thread 0x0000028bcaab9660 DEOPT UNPACKING pc=0x0000028bbec946a2 sp=0x000000fec10f86d0 mode 2
Event: 41.142 Thread 0x0000028bcaab8940 DEOPT PACKING pc=0x0000028bb7e3718c sp=0x000000fec0cfefb0
Event: 41.142 Thread 0x0000028bcaab8940 DEOPT UNPACKING pc=0x0000028bbec94e42 sp=0x000000fec0cfe4e8 mode 1
Event: 41.142 Thread 0x0000028c11589eb0 DEOPT PACKING pc=0x0000028bb790e35c sp=0x000000fec1bff5b0
Event: 41.142 Thread 0x0000028c11589eb0 DEOPT UNPACKING pc=0x0000028bbec94e42 sp=0x000000fec1bfea10 mode 1

Classes loaded (20 events):
Event: 34.089 Loading class javafx/scene/control/Dialog
Event: 34.089 Loading class javafx/scene/control/Dialog done
Event: 34.089 Loading class javafx/event/ActionEvent
Event: 34.089 Loading class javafx/event/ActionEvent done
Event: 34.090 Loading class com/cab302/peerpractice/Controllers/CalendarController
Event: 34.090 Loading class com/cab302/peerpractice/Controllers/CalendarController done
Event: 34.090 Loading class javafx/scene/control/Dialog
Event: 34.090 Loading class javafx/scene/control/Dialog done
Event: 36.892 Loading class javafx/scene/control/ButtonType
Event: 36.892 Loading class javafx/scene/control/ButtonType done
Event: 36.892 Loading class javafx/scene/control/ButtonType
Event: 36.892 Loading class javafx/scene/control/ButtonType done
Event: 41.139 Loading class jdk/internal/misc/Signal$1
Event: 41.139 Loading class jdk/internal/misc/Signal$1 done
Event: 41.140 Loading class java/util/IdentityHashMap$KeyIterator
Event: 41.140 Loading class java/util/IdentityHashMap$KeyIterator done
Event: 41.141 Loading class com/sun/javafx/tk/quantum/QuantumRenderer
Event: 41.141 Loading class com/sun/javafx/tk/quantum/QuantumRenderer done
Event: 41.142 Loading class com/sun/javafx/tk/quantum/QuantumToolkit
Event: 41.142 Loading class com/sun/javafx/tk/quantum/QuantumToolkit done

Classes unloaded (0 events):
No events

Classes redefined (1 events):
Event: 1.434 Thread 0x0000028bca97f260 redefined class name=java.lang.Throwable, count=1

Internal exceptions (20 events):
Event: 3.074 Thread 0x0000028bcaab9660 Exception <a 'sun/nio/fs/WindowsException'{0x00000000a5e56698}> (0x00000000a5e56698) 
thrown [s\src\hotspot\share\prims\jni.cpp, line 520]
Event: 3.115 Thread 0x0000028bcaab9660 Implicit null exception at 0x0000028bbf200a29 to 0x0000028bbf200d64
Event: 3.186 Thread 0x0000028bcaab9660 Implicit null exception at 0x0000028bbf27259e to 0x0000028bbf2728a8
Event: 3.188 Thread 0x0000028bcaab9660 Implicit null exception at 0x0000028bbf26ed1e to 0x0000028bbf26f064
Event: 3.366 Thread 0x0000028bcaab9660 Exception <a 'java/lang/IncompatibleClassChangeError'{0x00000000a50d9db8}: Found class java.lang.Object, but interface was expected> (0x00000000a50d9db8) 
thrown [s\src\hotspot\share\interpreter\linkResolver.cpp, line 840]
Event: 3.441 Thread 0x0000028bcaab9660 Exception <a 'java/lang/ClassNotFoundException'{0x00000000a4d4e490}: com/sun/javafx/scene/control/skin/resources/controls> (0x00000000a4d4e490) 
thrown [s\src\hotspot\share\prims\jni.cpp, line 539]
Event: 3.442 Thread 0x0000028bcaab9660 Exception <a 'java/lang/ClassNotFoundException'{0x00000000a4d5c6f0}: com/sun/javafx/scene/control/skin/resources/controls_en> (0x00000000a4d5c6f0) 
thrown [s\src\hotspot\share\prims\jni.cpp, line 539]
Event: 3.442 Thread 0x0000028bcaab9660 Exception <a 'java/lang/ClassNotFoundException'{0x00000000a4d5d6f8}: com/sun/javafx/scene/control/skin/resources/controls_en_AU> (0x00000000a4d5d6f8) 
thrown [s\src\hotspot\share\prims\jni.cpp, line 539]
Event: 3.752 Thread 0x0000028bcaab9660 Exception <a 'java/lang/NoSuchMethodError'{0x00000000a48a0600}: 'int java.lang.invoke.DirectMethodHandle$Holder.invokeSpecial(java.lang.Object, java.lang.Object, int)'> (0x00000000a48a0600) 
thrown [s\src\hotspot\share\interpreter\linkResolver.cpp, line 773]
Event: 3.786 Thread 0x0000028bcaab9660 Exception <a 'java/lang/NoSuchMethodError'{0x00000000a4709408}: 'java.lang.Object java.lang.invoke.DirectMethodHandle$Holder.newInvokeSpecial(java.lang.Object, java.lang.Object, int)'> (0x00000000a4709408) 
thrown [s\src\hotspot\share\interpreter\linkResolver.cpp, line 773]
Event: 3.841 Thread 0x0000028bcaab8940 Exception <a 'java/lang/NoSuchMethodError'{0x00000000a47cf848}: 'int java.lang.invoke.DirectMethodHandle$Holder.invokeStaticInit(java.lang.Object, java.lang.Object)'> (0x00000000a47cf848) 
thrown [s\src\hotspot\share\interpreter\linkResolver.cpp, line 773]
Event: 7.835 Thread 0x0000028bcaab9660 Exception <a 'java/lang/NoSuchMethodError'{0x00000000a4013218}: 'long java.lang.invoke.DirectMethodHandle$Holder.invokeStatic(java.lang.Object, java.lang.Object, java.lang.Object)'> (0x00000000a4013218) 
thrown [s\src\hotspot\share\interpreter\linkResolver.cpp, line 773]
Event: 7.835 Thread 0x0000028bcaab9660 Exception <a 'java/lang/NoSuchMethodError'{0x00000000a4016688}: 'long java.lang.invoke.DirectMethodHandle$Holder.invokeStaticInit(java.lang.Object, java.lang.Object, java.lang.Object)'> (0x00000000a4016688) 
thrown [s\src\hotspot\share\interpreter\linkResolver.cpp, line 773]
Event: 7.839 Thread 0x0000028bcaab9660 Exception <a 'java/lang/NoSuchMethodError'{0x00000000a402b400}: 'java.lang.Object java.lang.invoke.DirectMethodHandle$Holder.newInvokeSpecial(java.lang.Object, java.lang.Object, long)'> (0x00000000a402b400) 
thrown [s\src\hotspot\share\interpreter\linkResolver.cpp, line 773]
Event: 7.840 Thread 0x0000028bcaab9660 Exception <a 'java/lang/NoSuchMethodError'{0x00000000a402edb8}: 'java.lang.Object java.lang.invoke.Invokers$Holder.linkToTargetMethod(java.lang.Object, long, java.lang.Object)'> (0x00000000a402edb8) 
thrown [s\src\hotspot\share\interpreter\linkResolver.cpp, line 773]
Event: 12.392 Thread 0x0000028bcaab9660 Exception <a 'sun/nio/fs/WindowsException'{0x00000000a3ca1c38}> (0x00000000a3ca1c38) 
thrown [s\src\hotspot\share\prims\jni.cpp, line 520]
Event: 15.974 Thread 0x0000028bcaab9660 Exception <a 'java/lang/NoSuchMethodError'{0x00000000a6eeaa60}: 'java.lang.Object java.lang.invoke.DirectMethodHandle$Holder.newInvokeSpecial(java.lang.Object, java.lang.Object, java.lang.Object, java.lang.Object, java.lang.Object, java.lang.Object, java.lang.Object, java.lang.Object, java.lang.Object, java.lang.Object)'> (0x00000000a6eeaa60) 
thrown [s\src\hotspot\share\interpreter\linkResolver.cpp, line 773]
Event: 16.328 Thread 0x0000028bcaab9660 Exception <a 'java/lang/NoSuchMethodError'{0x00000000a3201b58}: 'void java.lang.invoke.DirectMethodHandle$Holder.invokeSpecial(java.lang.Object, java.lang.Object, int, int)'> (0x00000000a3201b58) 
thrown [s\src\hotspot\share\interpreter\linkResolver.cpp, line 773]
Event: 16.330 Thread 0x0000028bcaab9660 Exception <a 'java/lang/NoSuchMethodError'{0x00000000a3207f48}: 'java.lang.Object java.lang.invoke.DirectMethodHandle$Holder.newInvokeSpecial(java.lang.Object, java.lang.Object, int, int)'> (0x00000000a3207f48) 
thrown [s\src\hotspot\share\interpreter\linkResolver.cpp, line 773]
Event: 16.330 Thread 0x0000028bcaab9660 Exception <a 'java/lang/NoSuchMethodError'{0x00000000a320c1b8}: 'java.lang.Object java.lang.invoke.DirectMethodHandle$Holder.invokeSpecial(java.lang.Object, java.lang.Object, java.lang.Object, int, int)'> (0x00000000a320c1b8) 
thrown [s\src\hotspot\share\interpreter\linkResolver.cpp, line 773]

ZGC Phase Switch (0 events):
No events

VM Operations (20 events):
Event: 29.256 Executing VM operation: Cleanup done
Event: 30.256 Executing VM operation: Cleanup
Event: 30.256 Executing VM operation: Cleanup done
Event: 32.257 Executing VM operation: Cleanup
Event: 32.257 Executing VM operation: Cleanup done
Event: 33.258 Executing VM operation: Cleanup
Event: 33.258 Executing VM operation: Cleanup done
Event: 35.258 Executing VM operation: Cleanup
Event: 35.258 Executing VM operation: Cleanup done
Event: 36.259 Executing VM operation: Cleanup
Event: 36.259 Executing VM operation: Cleanup done
Event: 37.260 Executing VM operation: Cleanup
Event: 37.260 Executing VM operation: Cleanup done
Event: 39.260 Executing VM operation: Cleanup
Event: 39.260 Executing VM operation: Cleanup done
Event: 41.089 Executing VM operation: ChangeBreakpoints
Event: 41.089 Executing VM operation: ChangeBreakpoints done
Event: 41.089 Executing VM operation: ChangeBreakpoints
Event: 41.089 Executing VM operation: ChangeBreakpoints done
Event: 41.143 Executing VM operation: Exit

Memory protections (0 events):
No events

Nmethod flushes (0 events):
No events

Events (20 events):
Event: 2.749 Thread 0x0000028bca9b0590 Thread added: 0x0000028c12019020
Event: 3.353 Thread 0x0000028bcaab9660 Thread added: 0x0000028c11b56f30
Event: 3.876 Thread 0x0000028c12019020 Thread exited: 0x0000028c12019020
Event: 3.904 Thread 0x0000028bcaab8940 Thread added: 0x0000028c1240f6e0
Event: 12.380 Thread 0x0000028bca9b0590 Thread added: 0x0000028c122c0280
Event: 13.776 Thread 0x0000028c122c0280 Thread exited: 0x0000028c122c0280
Event: 16.087 Thread 0x0000028bca9b0590 Thread added: 0x0000028c122c0280
Event: 17.079 Thread 0x0000028c122c0280 Thread exited: 0x0000028c122c0280
Event: 32.586 Thread 0x0000028bca9b0590 Thread added: 0x0000028bcaa9e130
Event: 32.904 Thread 0x0000028bcaa9e130 Thread exited: 0x0000028bcaa9e130
Event: 36.938 Thread 0x0000028bca9b0590 Thread added: 0x0000028bcaaa2c20
Event: 37.920 Thread 0x0000028bcaaa2c20 Thread exited: 0x0000028bcaaa2c20
Event: 41.087 Thread 0x0000028c1113d500 Thread exited: 0x0000028c1113d500
Event: 41.096 Thread 0x0000028c108695b0 Thread exited: 0x0000028c108695b0
Event: 41.139 Thread 0x0000028bca99a510 Thread added: 0x0000028c11584960
Event: 41.141 Thread 0x0000028c11584960 Thread added: 0x0000028c11586a30
Event: 41.141 Thread 0x0000028c11584960 Thread added: 0x0000028c11589eb0
Event: 41.141 Thread 0x0000028c11586a30 Thread exited: 0x0000028c11586a30
Event: 41.142 Thread 0x0000028c11589eb0 Thread exited: 0x0000028c11589eb0
Event: 41.142 Thread 0x0000028c11584960 Before exit entered


Dynamic libraries:
0x00007ff6eafb0000 - 0x00007ff6eafbe000 	C:\Program Files\Amazon Corretto\jdk21.0.8_9\bin\java.exe
0x00007ffdab3f0000 - 0x00007ffdab5e8000 	C:\WINDOWS\SYSTEM32\ntdll.dll
0x00007ffdaae00000 - 0x00007ffdaaec2000 	C:\WINDOWS\System32\KERNEL32.DLL
0x00007ffda8cd0000 - 0x00007ffda8fc6000 	C:\WINDOWS\System32\KERNELBASE.dll
0x00007ffda48d0000 - 0x00007ffda4964000 	C:\WINDOWS\SYSTEM32\apphelp.dll
0x00007ffda9000000 - 0x00007ffda9100000 	C:\WINDOWS\System32\ucrtbase.dll
0x00007ffda20b0000 - 0x00007ffda20c8000 	C:\Program Files\Amazon Corretto\jdk21.0.8_9\bin\jli.dll
0x00007ffdaa6d0000 - 0x00007ffdaa86d000 	C:\WINDOWS\System32\USER32.dll
0x00007ffda8fd0000 - 0x00007ffda8ff2000 	C:\WINDOWS\System32\win32u.dll
0x00007ffdab1b0000 - 0x00007ffdab1db000 	C:\WINDOWS\System32\GDI32.dll
0x00007ffda8a80000 - 0x00007ffda8b99000 	C:\WINDOWS\System32\gdi32full.dll
0x00007ffda92e0000 - 0x00007ffda937d000 	C:\WINDOWS\System32\msvcp_win.dll
0x00007ffd98580000 - 0x00007ffd9881a000 	C:\WINDOWS\WinSxS\amd64_microsoft.windows.common-controls_6595b64144ccf1df_6.0.19041.5915_none_60b4b9d171f9c7c7\COMCTL32.dll
0x00007ffdaa630000 - 0x00007ffdaa6ce000 	C:\WINDOWS\System32\msvcrt.dll
0x00007ffd95c20000 - 0x00007ffd95c3b000 	C:\Program Files\Amazon Corretto\jdk21.0.8_9\bin\VCRUNTIME140.dll
0x00007ffda9410000 - 0x00007ffda943f000 	C:\WINDOWS\System32\IMM32.DLL
0x00007ffda20a0000 - 0x00007ffda20ac000 	C:\Program Files\Amazon Corretto\jdk21.0.8_9\bin\vcruntime140_1.dll
0x00007ffd958f0000 - 0x00007ffd9597d000 	C:\Program Files\Amazon Corretto\jdk21.0.8_9\bin\msvcp140.dll
0x00007ffd52510000 - 0x00007ffd532b7000 	C:\Program Files\Amazon Corretto\jdk21.0.8_9\bin\server\jvm.dll
0x00007ffda9c00000 - 0x00007ffda9cb1000 	C:\WINDOWS\System32\ADVAPI32.dll
0x00007ffda94f0000 - 0x00007ffda958f000 	C:\WINDOWS\System32\sechost.dll
0x00007ffda9ad0000 - 0x00007ffda9bf3000 	C:\WINDOWS\System32\RPCRT4.dll
0x00007ffda8c50000 - 0x00007ffda8c77000 	C:\WINDOWS\System32\bcrypt.dll
0x00007ffdab250000 - 0x00007ffdab2bb000 	C:\WINDOWS\System32\WS2_32.dll
0x00007ffda88e0000 - 0x00007ffda892b000 	C:\WINDOWS\SYSTEM32\POWRPROF.dll
0x00007ffd9dc10000 - 0x00007ffd9dc37000 	C:\WINDOWS\SYSTEM32\WINMM.dll
0x00007ffda01f0000 - 0x00007ffda01fa000 	C:\WINDOWS\SYSTEM32\VERSION.dll
0x00007ffda88c0000 - 0x00007ffda88d2000 	C:\WINDOWS\SYSTEM32\UMPDC.dll
0x00007ffda72a0000 - 0x00007ffda72b2000 	C:\WINDOWS\SYSTEM32\kernel.appcore.dll
0x00007ffd97d20000 - 0x00007ffd97d2a000 	C:\Program Files\Amazon Corretto\jdk21.0.8_9\bin\jimage.dll
0x00007ffda5e90000 - 0x00007ffda6091000 	C:\WINDOWS\SYSTEM32\DBGHELP.DLL
0x00007ffd8baa0000 - 0x00007ffd8bad4000 	C:\WINDOWS\SYSTEM32\dbgcore.DLL
0x00007ffda9380000 - 0x00007ffda9402000 	C:\WINDOWS\System32\bcryptPrimitives.dll
0x00007ffd683f0000 - 0x00007ffd6842c000 	C:\Program Files\Amazon Corretto\jdk21.0.8_9\bin\jdwp.dll
0x00007ffd95b50000 - 0x00007ffd95b5e000 	C:\Program Files\Amazon Corretto\jdk21.0.8_9\bin\instrument.dll
0x00007ffd95be0000 - 0x00007ffd95bff000 	C:\Program Files\Amazon Corretto\jdk21.0.8_9\bin\java.dll
0x00007ffd86460000 - 0x00007ffd86478000 	C:\Program Files\Amazon Corretto\jdk21.0.8_9\bin\zip.dll
0x00007ffda9d90000 - 0x00007ffdaa4fe000 	C:\WINDOWS\System32\SHELL32.dll
0x00007ffda67a0000 - 0x00007ffda6f44000 	C:\WINDOWS\SYSTEM32\windows.storage.dll
0x00007ffdaaaa0000 - 0x00007ffdaadf3000 	C:\WINDOWS\System32\combase.dll
0x00007ffda83e0000 - 0x00007ffda840b000 	C:\WINDOWS\SYSTEM32\Wldp.dll
0x00007ffda9590000 - 0x00007ffda965d000 	C:\WINDOWS\System32\OLEAUT32.dll
0x00007ffdab100000 - 0x00007ffdab1ad000 	C:\WINDOWS\System32\SHCORE.dll
0x00007ffdab350000 - 0x00007ffdab3ab000 	C:\WINDOWS\System32\shlwapi.dll
0x00007ffda89b0000 - 0x00007ffda89d4000 	C:\WINDOWS\SYSTEM32\profapi.dll
0x00007ffd87610000 - 0x00007ffd876e7000 	C:\Program Files\Amazon Corretto\jdk21.0.8_9\bin\jsvml.dll
0x00007ffd95cf0000 - 0x00007ffd95d00000 	C:\Program Files\Amazon Corretto\jdk21.0.8_9\bin\net.dll
0x00007ffd9dd40000 - 0x00007ffd9de4a000 	C:\WINDOWS\SYSTEM32\WINHTTP.dll
0x00007ffda8140000 - 0x00007ffda81aa000 	C:\WINDOWS\system32\mswsock.dll
0x00007ffd86a10000 - 0x00007ffd86a26000 	C:\Program Files\Amazon Corretto\jdk21.0.8_9\bin\nio.dll
0x00007ffd90030000 - 0x00007ffd9003b000 	C:\Program Files\Amazon Corretto\jdk21.0.8_9\bin\dt_socket.dll
0x00007ffda7e20000 - 0x00007ffda7e5b000 	C:\WINDOWS\SYSTEM32\IPHLPAPI.DLL
0x0000028baef50000 - 0x0000028baef53000 	C:\Users\Bailey\.openjfx\cache\21.0.6+3\amd64\api-ms-win-core-console-l1-1-0.dll
0x0000028baef60000 - 0x0000028baef63000 	C:\Users\Bailey\.openjfx\cache\21.0.6+3\amd64\api-ms-win-core-console-l1-2-0.dll
0x0000028baef70000 - 0x0000028baef73000 	C:\Users\Bailey\.openjfx\cache\21.0.6+3\amd64\api-ms-win-core-datetime-l1-1-0.dll
0x0000028baef80000 - 0x0000028baef83000 	C:\Users\Bailey\.openjfx\cache\21.0.6+3\amd64\api-ms-win-core-debug-l1-1-0.dll
0x0000028baef90000 - 0x0000028baef93000 	C:\Users\Bailey\.openjfx\cache\21.0.6+3\amd64\api-ms-win-core-errorhandling-l1-1-0.dll
0x0000028baefa0000 - 0x0000028baefa4000 	C:\Users\Bailey\.openjfx\cache\21.0.6+3\amd64\api-ms-win-core-file-l1-1-0.dll
0x0000028baefb0000 - 0x0000028baefb3000 	C:\Users\Bailey\.openjfx\cache\21.0.6+3\amd64\api-ms-win-core-file-l1-2-0.dll
0x0000028baefc0000 - 0x0000028baefc3000 	C:\Users\Bailey\.openjfx\cache\21.0.6+3\amd64\api-ms-win-core-file-l2-1-0.dll
0x0000028bcae30000 - 0x0000028bcae33000 	C:\Users\Bailey\.openjfx\cache\21.0.6+3\amd64\api-ms-win-core-handle-l1-1-0.dll
0x0000028bcae40000 - 0x0000028bcae43000 	C:\Users\Bailey\.openjfx\cache\21.0.6+3\amd64\api-ms-win-core-heap-l1-1-0.dll
0x0000028bcae50000 - 0x0000028bcae53000 	C:\Users\Bailey\.openjfx\cache\21.0.6+3\amd64\api-ms-win-core-interlocked-l1-1-0.dll
0x0000028bcae60000 - 0x0000028bcae63000 	C:\Users\Bailey\.openjfx\cache\21.0.6+3\amd64\api-ms-win-core-libraryloader-l1-1-0.dll
0x0000028bcae70000 - 0x0000028bcae73000 	C:\Users\Bailey\.openjfx\cache\21.0.6+3\amd64\api-ms-win-core-localization-l1-2-0.dll
0x0000028bcae80000 - 0x0000028bcae83000 	C:\Users\Bailey\.openjfx\cache\21.0.6+3\amd64\api-ms-win-core-memory-l1-1-0.dll
0x0000028bcae90000 - 0x0000028bcae93000 	C:\Users\Bailey\.openjfx\cache\21.0.6+3\amd64\api-ms-win-core-namedpipe-l1-1-0.dll
0x0000028bcaea0000 - 0x0000028bcaea3000 	C:\Users\Bailey\.openjfx\cache\21.0.6+3\amd64\api-ms-win-core-processenvironment-l1-1-0.dll
0x0000028bcaeb0000 - 0x0000028bcaeb3000 	C:\Users\Bailey\.openjfx\cache\21.0.6+3\amd64\api-ms-win-core-processthreads-l1-1-0.dll
0x0000028bcaec0000 - 0x0000028bcaec3000 	C:\Users\Bailey\.openjfx\cache\21.0.6+3\amd64\api-ms-win-core-processthreads-l1-1-1.dll
0x0000028bcaed0000 - 0x0000028bcaed3000 	C:\Users\Bailey\.openjfx\cache\21.0.6+3\amd64\api-ms-win-core-profile-l1-1-0.dll
0x0000028bcaee0000 - 0x0000028bcaee3000 	C:\Users\Bailey\.openjfx\cache\21.0.6+3\amd64\api-ms-win-core-rtlsupport-l1-1-0.dll
0x0000028bcaef0000 - 0x0000028bcaef3000 	C:\Users\Bailey\.openjfx\cache\21.0.6+3\amd64\api-ms-win-core-string-l1-1-0.dll
0x0000028bcaf00000 - 0x0000028bcaf03000 	C:\Users\Bailey\.openjfx\cache\21.0.6+3\amd64\api-ms-win-core-synch-l1-1-0.dll
0x0000028bcaf10000 - 0x0000028bcaf13000 	C:\Users\Bailey\.openjfx\cache\21.0.6+3\amd64\api-ms-win-core-synch-l1-2-0.dll
0x0000028bcaf20000 - 0x0000028bcaf23000 	C:\Users\Bailey\.openjfx\cache\21.0.6+3\amd64\api-ms-win-core-sysinfo-l1-1-0.dll
0x0000028bcaf30000 - 0x0000028bcaf33000 	C:\Users\Bailey\.openjfx\cache\21.0.6+3\amd64\api-ms-win-core-timezone-l1-1-0.dll
0x0000028bcaf40000 - 0x0000028bcaf43000 	C:\Users\Bailey\.openjfx\cache\21.0.6+3\amd64\api-ms-win-core-util-l1-1-0.dll
0x0000028bcaf50000 - 0x0000028bcaf53000 	C:\Users\Bailey\.openjfx\cache\21.0.6+3\amd64\api-ms-win-crt-conio-l1-1-0.dll
0x0000028bcaf60000 - 0x0000028bcaf64000 	C:\Users\Bailey\.openjfx\cache\21.0.6+3\amd64\api-ms-win-crt-convert-l1-1-0.dll
0x0000028bcaf70000 - 0x0000028bcaf73000 	C:\Users\Bailey\.openjfx\cache\21.0.6+3\amd64\api-ms-win-crt-environment-l1-1-0.dll
0x0000028bcaf80000 - 0x0000028bcaf83000 	C:\Users\Bailey\.openjfx\cache\21.0.6+3\amd64\api-ms-win-crt-filesystem-l1-1-0.dll
0x0000028bcaf90000 - 0x0000028bcaf93000 	C:\Users\Bailey\.openjfx\cache\21.0.6+3\amd64\api-ms-win-crt-heap-l1-1-0.dll
0x0000028bcafa0000 - 0x0000028bcafa3000 	C:\Users\Bailey\.openjfx\cache\21.0.6+3\amd64\api-ms-win-crt-locale-l1-1-0.dll
0x0000028bcafb0000 - 0x0000028bcafb5000 	C:\Users\Bailey\.openjfx\cache\21.0.6+3\amd64\api-ms-win-crt-math-l1-1-0.dll
0x0000028bcafc0000 - 0x0000028bcafc5000 	C:\Users\Bailey\.openjfx\cache\21.0.6+3\amd64\api-ms-win-crt-multibyte-l1-1-0.dll
0x0000028bcafd0000 - 0x0000028bcafe0000 	C:\Users\Bailey\.openjfx\cache\21.0.6+3\amd64\api-ms-win-crt-private-l1-1-0.dll
0x0000028bcafe0000 - 0x0000028bcafe3000 	C:\Users\Bailey\.openjfx\cache\21.0.6+3\amd64\api-ms-win-crt-process-l1-1-0.dll
0x0000028bcaff0000 - 0x0000028bcaff4000 	C:\Users\Bailey\.openjfx\cache\21.0.6+3\amd64\api-ms-win-crt-runtime-l1-1-0.dll
0x0000028c117d0000 - 0x0000028c117d4000 	C:\Users\Bailey\.openjfx\cache\21.0.6+3\amd64\api-ms-win-crt-stdio-l1-1-0.dll
0x0000028c117e0000 - 0x0000028c117e4000 	C:\Users\Bailey\.openjfx\cache\21.0.6+3\amd64\api-ms-win-crt-string-l1-1-0.dll
0x0000028c117f0000 - 0x0000028c117f3000 	C:\Users\Bailey\.openjfx\cache\21.0.6+3\amd64\api-ms-win-crt-time-l1-1-0.dll
0x0000028c11800000 - 0x0000028c11803000 	C:\Users\Bailey\.openjfx\cache\21.0.6+3\amd64\api-ms-win-crt-utility-l1-1-0.dll
0x00007ffd62290000 - 0x00007ffd6238c000 	C:\Users\Bailey\.openjfx\cache\21.0.6+3\amd64\ucrtbase.dll
0x00007ffd959b0000 - 0x00007ffd959cb000 	C:\Users\Bailey\.openjfx\cache\21.0.6+3\amd64\vcruntime140.dll
0x00007ffd97cd0000 - 0x00007ffd97cdc000 	C:\Users\Bailey\.openjfx\cache\21.0.6+3\amd64\vcruntime140_1.dll
0x00007ffd66360000 - 0x00007ffd663ee000 	C:\Users\Bailey\.openjfx\cache\21.0.6+3\amd64\msvcp140.dll
0x00007ffd959a0000 - 0x00007ffd959a9000 	C:\Users\Bailey\.openjfx\cache\21.0.6+3\amd64\msvcp140_1.dll
0x00007ffd87550000 - 0x00007ffd87591000 	C:\Users\Bailey\.openjfx\cache\21.0.6+3\amd64\msvcp140_2.dll
0x00007ffd87520000 - 0x00007ffd87550000 	C:\Users\Bailey\.openjfx\cache\21.0.6+3\amd64\prism_d3d.dll
0x00007ffd5eef0000 - 0x00007ffd5f0c1000 	C:\WINDOWS\system32\d3d9.dll
0x00007ffda62c0000 - 0x00007ffda62ef000 	C:\WINDOWS\SYSTEM32\dwmapi.dll
0x00007ffda60b0000 - 0x00007ffda614e000 	C:\WINDOWS\system32\uxtheme.dll
0x00007ffd9d8b0000 - 0x00007ffd9da8b000 	C:\WINDOWS\System32\DriverStore\FileRepository\u0357391.inf_amd64_623c134c11eca761\B356989\aticfx64.dll
0x00007ffd36a40000 - 0x00007ffd36a73000 	C:\WINDOWS\System32\DriverStore\FileRepository\u0357391.inf_amd64_623c134c11eca761\B356989\atiu9p64.dll
0x00007ffd35da0000 - 0x00007ffd36a36000 	C:\WINDOWS\System32\DriverStore\FileRepository\u0357391.inf_amd64_623c134c11eca761\B356989\atiumd64.dll
0x00007ffdaa500000 - 0x00007ffdaa62b000 	C:\WINDOWS\System32\ole32.dll
0x0000000064480000 - 0x00000000652fd000 	C:\WINDOWS\System32\DriverStore\FileRepository\u0357391.inf_amd64_623c134c11eca761\B356989\atiumd6a.dll
0x00007ffd9dba0000 - 0x00007ffd9dbcf000 	C:\WINDOWS\SYSTEM32\amdihk64.dll
0x00007ffd80720000 - 0x00007ffd80762000 	C:\Users\Bailey\.openjfx\cache\21.0.6+3\amd64\glass.dll
0x00007ffdaa890000 - 0x00007ffdaa96a000 	C:\WINDOWS\System32\COMDLG32.dll
0x00007ffdaa970000 - 0x00007ffdaaa85000 	C:\WINDOWS\System32\MSCTF.dll
0x00007ffd9df50000 - 0x00007ffd9df8b000 	C:\WINDOWS\SYSTEM32\dxcore.dll
0x00007ffda8c80000 - 0x00007ffda8cce000 	C:\WINDOWS\System32\cfgmgr32.dll
0x00007ffd90040000 - 0x00007ffd90055000 	C:\Users\Bailey\.openjfx\cache\21.0.6+3\amd64\javafx_font.dll
0x00007ffd99700000 - 0x00007ffd9997f000 	C:\WINDOWS\SYSTEM32\dwrite.dll
0x00007ffda9440000 - 0x00007ffda94e9000 	C:\WINDOWS\System32\clbcatq.dll
0x00007ffda5be0000 - 0x00007ffda5d96000 	C:\WINDOWS\SYSTEM32\WindowsCodecs.dll
0x00007ffd83c30000 - 0x00007ffd83c6e000 	C:\WINDOWS\system32\dataexchange.dll
0x00007ffda3200000 - 0x00007ffda33e4000 	C:\WINDOWS\system32\dcomp.dll
0x00007ffda29b0000 - 0x00007ffda2c14000 	C:\WINDOWS\system32\d3d11.dll
0x00007ffda7310000 - 0x00007ffda7406000 	C:\WINDOWS\system32\dxgi.dll
0x00007ffda0de0000 - 0x00007ffda0fe3000 	C:\WINDOWS\system32\twinapi.appcore.dll
0x00007ffd681f0000 - 0x00007ffd68224000 	C:\Program Files\Common Files\Microsoft Shared\Ink\rtscom.dll
0x00007ffd9d670000 - 0x00007ffd9d769000 	C:\WINDOWS\SYSTEM32\textinputframework.dll
0x00007ffda40e0000 - 0x00007ffda41d2000 	C:\WINDOWS\System32\CoreMessaging.dll
0x00007ffda3d60000 - 0x00007ffda40bb000 	C:\WINDOWS\System32\CoreUIComponents.dll
0x00007ffda52c0000 - 0x00007ffda5417000 	C:\WINDOWS\SYSTEM32\wintypes.dll

JVMTI agents:
jdwp path:C:\Program Files\Amazon Corretto\jdk21.0.8_9\bin\jdwp.dll, loaded, initialized, options:transport=dt_socket,address=127.0.0.1:50130,suspend=y,server=n
C:\Users\Bailey\AppData\Local\JetBrains\IdeaIC2025.1\captureAgent\debugger-agent.jar path:C:\Program Files\Amazon Corretto\jdk21.0.8_9\bin\instrument.dll, loaded, initialized, instrumentlib options:file:///C:/Users/Bailey/AppData/Local/Temp/capture2384313719689917702.props

dbghelp: loaded successfully - version: 4.0.5 - missing functions: none
symbol engine: initialized successfully - sym options: 0x614 - pdb path: .;C:\Program Files\Amazon Corretto\jdk21.0.8_9\bin;C:\WINDOWS\SYSTEM32;C:\WINDOWS\WinSxS\amd64_microsoft.windows.common-controls_6595b64144ccf1df_6.0.19041.5915_none_60b4b9d171f9c7c7;C:\Program Files\Amazon Corretto\jdk21.0.8_9\bin\server;C:\Users\Bailey\.openjfx\cache\21.0.6+3\amd64;C:\WINDOWS\System32\DriverStore\FileRepository\u0357391.inf_amd64_623c134c11eca761\B356989;C:\Program Files\Common Files\Microsoft Shared\Ink

VM Arguments:
jvm_args: -agentlib:jdwp=transport=dt_socket,address=127.0.0.1:50130,suspend=y,server=n -javaagent:C:\Users\Bailey\AppData\Local\JetBrains\IdeaIC2025.1\captureAgent\debugger-agent.jar=file:///C:/Users/Bailey/AppData/Local/Temp/capture2384313719689917702.props -Dkotlinx.coroutines.debug.enable.creation.stack.trace=false -Ddebugger.agent.enable.coroutines=true -Dkotlinx.coroutines.debug.enable.flows.stack.trace=true -Dkotlinx.coroutines.debug.enable.mutable.state.flows.stack.trace=true -Dfile.encoding=UTF-8 -Dsun.stdout.encoding=UTF-8 -Dsun.stderr.encoding=UTF-8 --module-path=C:\Users\Bailey\.m2\repository\eu\hansolo\fx\heatmap\21.0.5\heatmap-21.0.5.jar;C:\Users\Bailey\.m2\repository\org\kordamp\bootstrapfx\bootstrapfx-core\0.4.0\bootstrapfx-core-0.4.0.jar;C:\Users\Bailey\.m2\repository\eu\hansolo\toolbox\21.0.9\toolbox-21.0.9.jar;C:\Users\Bailey\.m2\repository\org\kordamp\ikonli\ikonli-core\12.3.1\ikonli-core-12.3.1.jar;C:\Users\Bailey\.m2\repository\eu\hansolo\fx\countries\21.0.17\countries-21.0.17.jar;C:\Users\Bailey\.m2\repository\net\synedra\validatorfx\0.6.1\validatorfx-0.6.1.jar;C:\Users\Bailey\.m2\repository\org\openjfx\javafx-base\21.0.6\javafx-base-21.0.6-win.jar;C:\Users\Bailey\.m2\repository\org\openjfx\javafx-controls\21.0.6\javafx-controls-21.0.6-win.jar;C:\Users\Bailey\.m2\repository\org\openjfx\javafx-fxml\21.0.6\javafx-fxml-21.0.6-win.jar;C:\Users\Bailey\.m2\repository\org\controlsfx\controlsfx\11.2.1\controlsfx-11.2.1.jar;C:\Users\Bailey\.m2\repository\org\openjfx\javafx-media\21.0.6\javafx-media-21.0.6-win.jar;C:\Users\Bailey\.m2\repository\org\openjfx\javafx-swing\21.0.6\javafx-swing-21.0.6-win.jar;C:\Users\Bailey\Documents\Code\CAB302_PeerPracticeManager\PeerPractice\target\classes;C:\Users\Bailey\.m2\repository\org\openjfx\javafx-graphics\21.0.6\javafx-graphics-21.0.6-win.jar;C:\Users\Bailey\.m2\repository\eu\hansolo\tilesfx\21.0.9\tilesfx-21.0.9.jar;C:\Users\Bailey\.m2\repository\eu\hansolo\toolboxfx\21.0.5\toolboxfx-21.0.5.jar;C:\Users\Bailey\.m2\repository\com\dlsc\formsfx\formsfx-core\11.6.0\formsfx-core-11.6.0.jar;C:\Users\Bailey\.m2\repository\org\kordamp\ikonli\ikonli-javafx\12.3.1\ikonli-javafx-12.3.1.jar;C:\Users\Bailey\.m2\repository\org\openjfx\javafx-web\21.0.6\javafx-web-21.0.6-win.jar -Djdk.module.main=com.cab302.peerpractice 
java_command: com.cab302.peerpractice/com.cab302.peerpractice.Launcher
java_class_path (initial): C:\Users\Bailey\.m2\repository\org\openjfx\javafx-controls\21.0.6\javafx-controls-21.0.6.jar;C:\Users\Bailey\.m2\repository\org\openjfx\javafx-graphics\21.0.6\javafx-graphics-21.0.6.jar;C:\Users\Bailey\.m2\repository\org\openjfx\javafx-base\21.0.6\javafx-base-21.0.6.jar;C:\Users\Bailey\.m2\repository\org\openjfx\javafx-fxml\21.0.6\javafx-fxml-21.0.6.jar;C:\Users\Bailey\.m2\repository\org\openjfx\javafx-web\21.0.6\javafx-web-21.0.6.jar;C:\Users\Bailey\.m2\repository\org\openjfx\javafx-media\21.0.6\javafx-media-21.0.6.jar;C:\Users\Bailey\.m2\repository\org\openjfx\javafx-swing\21.0.6\javafx-swing-21.0.6.jar;C:\Program Files\JetBrains\IntelliJ IDEA Community Edition 2025.1.4.1\lib\idea_rt.jar
Launcher Type: SUN_STANDARD

[Global flags]
     intx CICompilerCount                          = 3                                         {product} {ergonomic}
     uint ConcGCThreads                            = 1                                         {product} {ergonomic}
     uint G1ConcRefinementThreads                  = 4                                         {product} {ergonomic}
   size_t G1HeapRegionSize                         = 1048576                                   {product} {ergonomic}
    uintx GCDrainStackTargetSize                   = 64                                        {product} {ergonomic}
   size_t InitialHeapSize                          = 100663296                                 {product} {ergonomic}
   size_t MarkStackSize                            = 4194304                                   {product} {ergonomic}
   size_t MaxHeapSize                              = 1593835520                                {product} {ergonomic}
   size_t MaxNewSize                               = 956301312                                 {product} {ergonomic}
   size_t MinHeapDeltaBytes                        = 1048576                                   {product} {ergonomic}
   size_t MinHeapSize                              = 8388608                                   {product} {ergonomic}
    uintx NonNMethodCodeHeapSize                   = 5832780                                {pd product} {ergonomic}
    uintx NonProfiledCodeHeapSize                  = 122912730                              {pd product} {ergonomic}
    uintx ProfiledCodeHeapSize                     = 122912730                              {pd product} {ergonomic}
    uintx ReservedCodeCacheSize                    = 251658240                              {pd product} {ergonomic}
     bool SegmentedCodeCache                       = true                                      {product} {ergonomic}
   size_t SoftMaxHeapSize                          = 1593835520                             {manageable} {ergonomic}
     bool UseCompressedOops                        = true                           {product lp64_product} {ergonomic}
     bool UseG1GC                                  = true                                      {product} {ergonomic}
     bool UseLargePagesIndividualAllocation        = false                                  {pd product} {ergonomic}

Logging:
Log output configuration:
 #0: stdout all=off uptime,level,tags foldmultilines=false
 #1: stderr all=off uptime,level,tags foldmultilines=false

Environment Variables:
JAVA_HOME=C:\Program Files\Amazon Corretto\jdk21.0.8_9
PATH=C:\Program Files\Amazon Corretto\jdk21.0.8_9\bin;C:\Program Files (x86)\NVIDIA Corporation\PhysX\Common;C:\WINDOWS\system32;C:\WINDOWS;C:\WINDOWS\System32\Wbem;C:\WINDOWS\System32\WindowsPowerShell\v1.0\;C:\WINDOWS\System32\OpenSSH\;C:\Program Files\MATLAB\R2024a\bin;C:\Program Files\MATLAB\R2023a\bin;C:\Program Files (x86)\Windows Kits\10\Windows Performance Toolkit\;C:\Program Files\dotnet\;C:\Program Files\Git\cmd;C:\Users\Bailey\AppData\Local\Programs\Python\Launcher\;C:\Users\Bailey\AppData\Local\Microsoft\WindowsApps;C:\Users\Bailey\AppData\Local\Programs\Microsoft VS Code\bin;C:\Users\Bailey\.dotnet\tools;C:\Program Files\JetBrains\IntelliJ IDEA Community Edition 2025.1.4.1\bin;;C:\Users\Bailey\AppData\Local\Programs\Python\Python313;C:\Users\Bailey\AppData\Local\Programs\Python\Python313\Scripts;
USERNAME=Bailey
OS=Windows_NT
PROCESSOR_IDENTIFIER=AMD64 Family 23 Model 24 Stepping 1, AuthenticAMD
TMP=C:\Users\Bailey\AppData\Local\Temp
TEMP=C:\Users\Bailey\AppData\Local\Temp




Periodic native trim disabled

---------------  S Y S T E M  ---------------

OS:
 Windows 10 , 64 bit Build 19041 (10.0.19041.5915)
OS uptime: 0 days 6:48 hours

CPU: total 4 (initial active 4) (4 cores per cpu, 2 threads per core) family 23 model 24 stepping 1 microcode 0x0, cx8, cmov, fxsr, ht, mmx, 3dnowpref, sse, sse2, sse3, ssse3, sse4a, sse4.1, sse4.2, popcnt, lzcnt, tsc, tscinvbit, avx, avx2, aes, clmul, bmi1, bmi2, adx, sha, fma, vzeroupper, clflush, clflushopt, rdtscp, f16c
Processor Information for the first 4 processors :
  Max Mhz: 2400, Current Mhz: 2400, Mhz Limit: 2400

Memory: 4k page, system-wide physical 6074M (1108M free)
TotalPageFile size 8731M (AvailPageFile size 1611M)
current process WorkingSet (physical memory assigned to process): 159M, peak: 213M
current process commit charge ("private bytes"): 222M, peak: 287M

vm_info: OpenJDK 64-Bit Server VM (21.0.8+9-LTS) for windows-amd64 JRE (21.0.8+9-LTS), built on 2025-07-09T19:22:31Z by "Administrator" with MS VC++ 16.10 / 16.11 (VS2019)

END.
